Arguments: 
  /usr/local/bin/node /usr/local/bin/yarn init

PATH: 
  /usr/local/bin:/usr/bin:/bin:/usr/sbin:/sbin

Yarn version: 
  1.1.0

Node version: 
  6.11.4

Platform: 
  darwin x64

npm manifest: 
  !

yarn manifest: 
  No manifest

Lockfile: 
  No lockfile

Trace: 
  SyntaxError: /Users/mintin/Desktop/mintweb/cmm221/package.json: Unexpected token ! in JSON at position 0
      at Object.parse (native)
      at /usr/local/lib/node_modules/yarn/lib/cli.js:764:59
      at next (native)
      at step (/usr/local/lib/node_modules/yarn/lib/cli.js:92:30)
      at /usr/local/lib/node_modules/yarn/lib/cli.js:103:13
